# JRE version: Java(TM) SE Runtime Environment (8.0_60-b21) (build 1.8.0_60-ea-b21)
# Java VM: Java HotSpot(TM) 64-Bit Server VM (25.60-b21 mixed mode bsd-amd64 compressed oops)
Heap:
 PSYoungGen      total 71680K, used 43037K [0x000000012c780000, 0x0000000131280000, 0x0000000137200000)
  eden space 66560K, 59% used [0x000000012c780000,0x000000012ee37570,0x0000000130880000)
  from space 5120K, 66% used [0x0000000130d80000,0x00000001310d0070,0x0000000131280000)
  to   space 5120K, 0% used [0x0000000130880000,0x0000000130880000,0x0000000130d80000)
 ParOldGen       total 87552K, used 463K [0x0000000117200000, 0x000000011c780000, 0x000000012c780000)
  object space 87552K, 0% used [0x0000000117200000,0x0000000117273f80,0x000000011c780000)
 Metaspace       used 18987K, capacity 19672K, committed 19968K, reserved 1067008K
  class space    used 2403K, capacity 2740K, committed 2816K, reserved 1048576K
GC Heap History (8 events):
Event: 0.757 GC heap before
{Heap before GC invocations=1 (full 0):
 PSYoungGen      total 38400K, used 33280K [0x000000012c780000, 0x000000012f200000, 0x0000000137200000)
  eden space 33280K, 100% used [0x000000012c780000,0x000000012e800000,0x000000012e800000)
  from space 5120K, 0% used [0x000000012ed00000,0x000000012ed00000,0x000000012f200000)
  to   space 5120K, 0% used [0x000000012e800000,0x000000012e800000,0x000000012ed00000)
 ParOldGen       total 87552K, used 0K [0x0000000117200000, 0x000000011c780000, 0x000000012c780000)
  object space 87552K, 0% used [0x0000000117200000,0x0000000117200000,0x000000011c780000)
 Metaspace       used 11727K, capacity 12210K, committed 12288K, reserved 1060864K
  class space    used 1509K, capacity 1769K, committed 1792K, reserved 1048576K
Event: 0.763 GC heap after
Heap after GC invocations=1 (full 0):
 PSYoungGen      total 38400K, used 5094K [0x000000012c780000, 0x000000012f200000, 0x0000000137200000)
  eden space 33280K, 0% used [0x000000012c780000,0x000000012c780000,0x000000012e800000)
  from space 5120K, 99% used [0x000000012e800000,0x000000012ecf9958,0x000000012ed00000)
  to   space 5120K, 0% used [0x000000012ed00000,0x000000012ed00000,0x000000012f200000)
 ParOldGen       total 87552K, used 439K [0x0000000117200000, 0x000000011c780000, 0x000000012c780000)
  object space 87552K, 0% used [0x0000000117200000,0x000000011726df80,0x000000011c780000)
 Metaspace       used 11727K, capacity 12210K, committed 12288K, reserved 1060864K
  class space    used 1509K, capacity 1769K, committed 1792K, reserved 1048576K
}
Event: 1.041 GC heap before
{Heap before GC invocations=2 (full 0):
 PSYoungGen      total 38400K, used 38374K [0x000000012c780000, 0x000000012f200000, 0x0000000137200000)
  eden space 33280K, 100% used [0x000000012c780000,0x000000012e800000,0x000000012e800000)
  from space 5120K, 99% used [0x000000012e800000,0x000000012ecf9958,0x000000012ed00000)
  to   space 5120K, 0% used [0x000000012ed00000,0x000000012ed00000,0x000000012f200000)
 ParOldGen       total 87552K, used 439K [0x0000000117200000, 0x000000011c780000, 0x000000012c780000)
  object space 87552K, 0% used [0x0000000117200000,0x000000011726df80,0x000000011c780000)
 Metaspace       used 15522K, capacity 16074K, committed 16128K, reserved 1062912K
  class space    used 2001K, capacity 2259K, committed 2304K, reserved 1048576K
Event: 1.046 GC heap after
Heap after GC invocations=2 (full 0):
 PSYoungGen      total 38400K, used 4878K [0x000000012c780000, 0x0000000131280000, 0x0000000137200000)
  eden space 33280K, 0% used [0x000000012c780000,0x000000012c780000,0x000000012e800000)
  from space 5120K, 95% used [0x000000012ed00000,0x000000012f1c3a58,0x000000012f200000)
  to   space 5120K, 0% used [0x000000012e800000,0x000000012e800000,0x000000012ed00000)
 ParOldGen       total 87552K, used 447K [0x0000000117200000, 0x000000011c780000, 0x000000012c780000)
  object space 87552K, 0% used [0x0000000117200000,0x000000011726ff80,0x000000011c780000)
 Metaspace       used 15522K, capacity 16074K, committed 16128K, reserved 1062912K
  class space    used 2001K, capacity 2259K, committed 2304K, reserved 1048576K
}
Event: 1.119 GC heap before
{Heap before GC invocations=3 (full 0):
 PSYoungGen      total 38400K, used 38158K [0x000000012c780000, 0x0000000131280000, 0x0000000137200000)
  eden space 33280K, 100% used [0x000000012c780000,0x000000012e800000,0x000000012e800000)
  from space 5120K, 95% used [0x000000012ed00000,0x000000012f1c3a58,0x000000012f200000)
  to   space 5120K, 0% used [0x000000012e800000,0x000000012e800000,0x000000012ed00000)
 ParOldGen       total 87552K, used 447K [0x0000000117200000, 0x000000011c780000, 0x000000012c780000)
  object space 87552K, 0% used [0x0000000117200000,0x000000011726ff80,0x000000011c780000)
 Metaspace       used 15727K, capacity 16282K, committed 16512K, reserved 1062912K
  class space    used 2014K, capacity 2307K, committed 2432K, reserved 1048576K
Event: 1.123 GC heap after
Heap after GC invocations=3 (full 0):
 PSYoungGen      total 38400K, used 3296K [0x000000012c780000, 0x0000000131280000, 0x0000000137200000)
  eden space 33280K, 0% used [0x000000012c780000,0x000000012c780000,0x000000012e800000)
  from space 5120K, 64% used [0x000000012e800000,0x000000012eb38040,0x000000012ed00000)
  to   space 5120K, 0% used [0x0000000130d80000,0x0000000130d80000,0x0000000131280000)
 ParOldGen       total 87552K, used 455K [0x0000000117200000, 0x000000011c780000, 0x000000012c780000)
  object space 87552K, 0% used [0x0000000117200000,0x0000000117271f80,0x000000011c780000)
 Metaspace       used 15727K, capacity 16282K, committed 16512K, reserved 1062912K
  class space    used 2014K, capacity 2307K, committed 2432K, reserved 1048576K
}
Event: 1.166 GC heap before
{Heap before GC invocations=4 (full 0):
 PSYoungGen      total 38400K, used 36576K [0x000000012c780000, 0x0000000131280000, 0x0000000137200000)
  eden space 33280K, 100% used [0x000000012c780000,0x000000012e800000,0x000000012e800000)
  from space 5120K, 64% used [0x000000012e800000,0x000000012eb38040,0x000000012ed00000)
  to   space 5120K, 0% used [0x0000000130d80000,0x0000000130d80000,0x0000000131280000)
 ParOldGen       total 87552K, used 455K [0x0000000117200000, 0x000000011c780000, 0x000000012c780000)
  object space 87552K, 0% used [0x0000000117200000,0x0000000117271f80,0x000000011c780000)
 Metaspace       used 15837K, capacity 16486K, committed 16768K, reserved 1062912K
  class space    used 2020K, capacity 2311K, committed 2432K, reserved 1048576K
Event: 1.170 GC heap after
Heap after GC invocations=4 (full 0):
 PSYoungGen      total 71680K, used 3392K [0x000000012c780000, 0x0000000131280000, 0x0000000137200000)
  eden space 66560K, 0% used [0x000000012c780000,0x000000012c780000,0x0000000130880000)
  from space 5120K, 66% used [0x0000000130d80000,0x00000001310d0070,0x0000000131280000)
  to   space 5120K, 0% used [0x0000000130880000,0x0000000130880000,0x0000000130d80000)
 ParOldGen       total 87552K, used 463K [0x0000000117200000, 0x000000011c780000, 0x000000012c780000)
  object space 87552K, 0% used [0x0000000117200000,0x0000000117273f80,0x000000011c780000)
 Metaspace       used 15837K, capacity 16486K, committed 16768K, reserved 1062912K
  class space    used 2020K, capacity 2311K, committed 2432K, reserved 1048576K
}

